
*** Running vivado
    with args -log dopmidsem_RN_0_0.vds -m64 -product Vivado -mode batch -messageDb vivado.pb -notrace -source dopmidsem_RN_0_0.tcl


****** Vivado v2025.1 (64-bit)
  **** SW Build 6140274 on Wed May 21 22:58:25 MDT 2025
  **** IP Build 6138677 on Thu May 22 03:10:11 MDT 2025
  **** SharedData Build 6139179 on Tue May 20 17:58:58 MDT 2025
  **** Start of session at: Fri Oct 24 16:05:00 2025
    ** Copyright 1986-2022 Xilinx, Inc. All Rights Reserved.
    ** Copyright 2022-2025 Advanced Micro Devices, Inc. All Rights Reserved.

source dopmidsem_RN_0_0.tcl -notrace
create_project: Time (s): cpu = 00:00:19 ; elapsed = 00:00:09 . Memory (MB): peak = 1561.453 ; gain = 64.055 ; free physical = 176 ; free virtual = 17735
INFO: [IP_Flow 19-234] Refreshing IP repositories
INFO: [IP_Flow 19-1704] No user IP repositories specified
INFO: [IP_Flow 19-2313] Loaded Vivado IP repository '/home/govind/Vivado/2025.1/Vivado/data/ip'.
Command: synth_design -top dopmidsem_RN_0_0 -part xc7z020clg484-1 -incremental_mode off -mode out_of_context
Starting synth_design
Attempting to get a license for feature 'Synthesis' and/or device 'xc7z020'
INFO: [Common 17-349] Got license for feature 'Synthesis' and/or device 'xc7z020'
INFO: [Device 21-403] Loading part xc7z020clg484-1
INFO: [Synth 8-7079] Multithreading enabled for synth_design using a maximum of 7 processes.
INFO: [Synth 8-7078] Launching helper process for spawning children vivado processes
INFO: [Synth 8-7075] Helper process launched with PID 129785
---------------------------------------------------------------------------------
Starting RTL Elaboration : Time (s): cpu = 00:00:09 ; elapsed = 00:00:29 . Memory (MB): peak = 2169.047 ; gain = 441.797 ; free physical = 431 ; free virtual = 7863
---------------------------------------------------------------------------------
INFO: [Synth 8-6157] synthesizing module 'dopmidsem_RN_0_0' [/home/govind/RISCV_5/RISCV_5.gen/sources_1/bd/dopmidsem/ip/dopmidsem_RN_0_0/synth/dopmidsem_RN_0_0.v:53]
INFO: [Synth 8-6157] synthesizing module 'RN' [/home/govind/RISCV_5/RISCV_5.srcs/sources_1/new/RN.v:23]
INFO: [Synth 8-6155] done synthesizing module 'RN' (0#1) [/home/govind/RISCV_5/RISCV_5.srcs/sources_1/new/RN.v:23]
INFO: [Synth 8-6155] done synthesizing module 'dopmidsem_RN_0_0' (0#1) [/home/govind/RISCV_5/RISCV_5.gen/sources_1/bd/dopmidsem/ip/dopmidsem_RN_0_0/synth/dopmidsem_RN_0_0.v:53]
WARNING: [Synth 8-7129] Port rs11[4] in module RN is either unconnected or has no load
WARNING: [Synth 8-7129] Port rs11[3] in module RN is either unconnected or has no load
WARNING: [Synth 8-7129] Port rs11[2] in module RN is either unconnected or has no load
WARNING: [Synth 8-7129] Port rs11[1] in module RN is either unconnected or has no load
WARNING: [Synth 8-7129] Port rs11[0] in module RN is either unconnected or has no load
WARNING: [Synth 8-7129] Port rs12[4] in module RN is either unconnected or has no load
WARNING: [Synth 8-7129] Port rs12[3] in module RN is either unconnected or has no load
WARNING: [Synth 8-7129] Port rs12[2] in module RN is either unconnected or has no load
WARNING: [Synth 8-7129] Port rs12[1] in module RN is either unconnected or has no load
WARNING: [Synth 8-7129] Port rs12[0] in module RN is either unconnected or has no load
---------------------------------------------------------------------------------
Finished RTL Elaboration : Time (s): cpu = 00:00:11 ; elapsed = 00:00:31 . Memory (MB): peak = 2245.984 ; gain = 518.734 ; free physical = 268 ; free virtual = 7583
---------------------------------------------------------------------------------
---------------------------------------------------------------------------------
Start Handling Custom Attributes
---------------------------------------------------------------------------------
---------------------------------------------------------------------------------
Finished Handling Custom Attributes : Time (s): cpu = 00:00:11 ; elapsed = 00:00:31 . Memory (MB): peak = 2263.797 ; gain = 536.547 ; free physical = 269 ; free virtual = 7524
---------------------------------------------------------------------------------
---------------------------------------------------------------------------------
Finished RTL Optimization Phase 1 : Time (s): cpu = 00:00:11 ; elapsed = 00:00:31 . Memory (MB): peak = 2263.797 ; gain = 536.547 ; free physical = 270 ; free virtual = 7524
---------------------------------------------------------------------------------
Netlist sorting complete. Time (s): cpu = 00:00:00 ; elapsed = 00:00:00.01 . Memory (MB): peak = 2263.797 ; gain = 0.000 ; free physical = 305 ; free virtual = 7551
INFO: [Project 1-570] Preparing netlist for logic optimization

Processing XDC Constraints
Initializing timing engine
Completed Processing XDC Constraints

Netlist sorting complete. Time (s): cpu = 00:00:00 ; elapsed = 00:00:00 . Memory (MB): peak = 2321.629 ; gain = 0.000 ; free physical = 261 ; free virtual = 7038
INFO: [Project 1-111] Unisim Transformation Summary:
No Unisim elements were transformed.

Constraint Validation Runtime : Time (s): cpu = 00:00:00.02 ; elapsed = 00:00:00.04 . Memory (MB): peak = 2321.664 ; gain = 0.000 ; free physical = 262 ; free virtual = 6987
INFO: [Designutils 20-5008] Incremental synthesis strategy off
---------------------------------------------------------------------------------
Finished Constraint Validation : Time (s): cpu = 00:00:21 ; elapsed = 00:00:42 . Memory (MB): peak = 2321.664 ; gain = 594.414 ; free physical = 205 ; free virtual = 6296
---------------------------------------------------------------------------------
---------------------------------------------------------------------------------
Start Loading Part and Timing Information
---------------------------------------------------------------------------------
Loading part: xc7z020clg484-1
---------------------------------------------------------------------------------
Finished Loading Part and Timing Information : Time (s): cpu = 00:00:21 ; elapsed = 00:00:42 . Memory (MB): peak = 2329.633 ; gain = 602.383 ; free physical = 206 ; free virtual = 6298
---------------------------------------------------------------------------------
---------------------------------------------------------------------------------
Start Applying 'set_property' XDC Constraints
---------------------------------------------------------------------------------
---------------------------------------------------------------------------------
Finished applying 'set_property' XDC Constraints : Time (s): cpu = 00:00:21 ; elapsed = 00:00:42 . Memory (MB): peak = 2329.633 ; gain = 602.383 ; free physical = 204 ; free virtual = 6298
---------------------------------------------------------------------------------
---------------------------------------------------------------------------------
Finished RTL Optimization Phase 2 : Time (s): cpu = 00:00:22 ; elapsed = 00:00:43 . Memory (MB): peak = 2329.633 ; gain = 602.383 ; free physical = 191 ; free virtual = 6276
---------------------------------------------------------------------------------
---------------------------------------------------------------------------------
Start RTL Component Statistics 
---------------------------------------------------------------------------------
Detailed RTL Component Info : 
---------------------------------------------------------------------------------
Finished RTL Component Statistics 
---------------------------------------------------------------------------------
---------------------------------------------------------------------------------
Start Part Resource Summary
---------------------------------------------------------------------------------
Part Resources:
DSPs: 220 (col length:60)
BRAMs: 280 (col length: RAMB18 60 RAMB36 30)
---------------------------------------------------------------------------------
Finished Part Resource Summary
---------------------------------------------------------------------------------
---------------------------------------------------------------------------------
Start Cross Boundary and Area Optimization
---------------------------------------------------------------------------------
WARNING: [Synth 8-7080] Parallel synthesis criteria is not met
WARNING: [Synth 8-7129] Port rs11[4] in module dopmidsem_RN_0_0 is either unconnected or has no load
WARNING: [Synth 8-7129] Port rs11[3] in module dopmidsem_RN_0_0 is either unconnected or has no load
WARNING: [Synth 8-7129] Port rs11[2] in module dopmidsem_RN_0_0 is either unconnected or has no load
WARNING: [Synth 8-7129] Port rs11[1] in module dopmidsem_RN_0_0 is either unconnected or has no load
WARNING: [Synth 8-7129] Port rs11[0] in module dopmidsem_RN_0_0 is either unconnected or has no load
WARNING: [Synth 8-7129] Port rs12[4] in module dopmidsem_RN_0_0 is either unconnected or has no load
WARNING: [Synth 8-7129] Port rs12[3] in module dopmidsem_RN_0_0 is either unconnected or has no load
WARNING: [Synth 8-7129] Port rs12[2] in module dopmidsem_RN_0_0 is either unconnected or has no load
WARNING: [Synth 8-7129] Port rs12[1] in module dopmidsem_RN_0_0 is either unconnected or has no load
WARNING: [Synth 8-7129] Port rs12[0] in module dopmidsem_RN_0_0 is either unconnected or has no load
---------------------------------------------------------------------------------
Finished Cross Boundary and Area Optimization : Time (s): cpu = 00:00:24 ; elapsed = 00:00:45 . Memory (MB): peak = 2329.633 ; gain = 602.383 ; free physical = 211 ; free virtual = 6241
---------------------------------------------------------------------------------
---------------------------------------------------------------------------------
Start Applying XDC Timing Constraints
---------------------------------------------------------------------------------
---------------------------------------------------------------------------------
Finished Applying XDC Timing Constraints : Time (s): cpu = 00:00:32 ; elapsed = 00:00:56 . Memory (MB): peak = 2420.633 ; gain = 693.383 ; free physical = 169 ; free virtual = 4853
---------------------------------------------------------------------------------
---------------------------------------------------------------------------------
Start Timing Optimization
---------------------------------------------------------------------------------
---------------------------------------------------------------------------------
Finished Timing Optimization : Time (s): cpu = 00:00:32 ; elapsed = 00:00:56 . Memory (MB): peak = 2420.633 ; gain = 693.383 ; free physical = 180 ; free virtual = 4864
---------------------------------------------------------------------------------
---------------------------------------------------------------------------------
Start Technology Mapping
---------------------------------------------------------------------------------
---------------------------------------------------------------------------------
Finished Technology Mapping : Time (s): cpu = 00:00:32 ; elapsed = 00:00:56 . Memory (MB): peak = 2430.648 ; gain = 703.398 ; free physical = 264 ; free virtual = 4949
---------------------------------------------------------------------------------
---------------------------------------------------------------------------------
Start IO Insertion
---------------------------------------------------------------------------------
---------------------------------------------------------------------------------
Start Flattening Before IO Insertion
---------------------------------------------------------------------------------
---------------------------------------------------------------------------------
Finished Flattening Before IO Insertion
---------------------------------------------------------------------------------
---------------------------------------------------------------------------------
Start Final Netlist Cleanup
---------------------------------------------------------------------------------
---------------------------------------------------------------------------------
Finished Final Netlist Cleanup
---------------------------------------------------------------------------------
---------------------------------------------------------------------------------
Finished IO Insertion : Time (s): cpu = 00:00:38 ; elapsed = 00:01:03 . Memory (MB): peak = 2605.461 ; gain = 878.211 ; free physical = 276 ; free virtual = 4568
---------------------------------------------------------------------------------
---------------------------------------------------------------------------------
Start Renaming Generated Instances
---------------------------------------------------------------------------------
---------------------------------------------------------------------------------
Finished Renaming Generated Instances : Time (s): cpu = 00:00:38 ; elapsed = 00:01:03 . Memory (MB): peak = 2605.461 ; gain = 878.211 ; free physical = 277 ; free virtual = 4568
---------------------------------------------------------------------------------
---------------------------------------------------------------------------------
Start Rebuilding User Hierarchy
---------------------------------------------------------------------------------
---------------------------------------------------------------------------------
Finished Rebuilding User Hierarchy : Time (s): cpu = 00:00:38 ; elapsed = 00:01:04 . Memory (MB): peak = 2605.461 ; gain = 878.211 ; free physical = 271 ; free virtual = 4563
---------------------------------------------------------------------------------
---------------------------------------------------------------------------------
Start Renaming Generated Ports
---------------------------------------------------------------------------------
---------------------------------------------------------------------------------
Finished Renaming Generated Ports : Time (s): cpu = 00:00:38 ; elapsed = 00:01:04 . Memory (MB): peak = 2605.461 ; gain = 878.211 ; free physical = 269 ; free virtual = 4563
---------------------------------------------------------------------------------
---------------------------------------------------------------------------------
Start Handling Custom Attributes
---------------------------------------------------------------------------------
---------------------------------------------------------------------------------
Finished Handling Custom Attributes : Time (s): cpu = 00:00:38 ; elapsed = 00:01:04 . Memory (MB): peak = 2605.461 ; gain = 878.211 ; free physical = 267 ; free virtual = 4561
---------------------------------------------------------------------------------
---------------------------------------------------------------------------------
Start Renaming Generated Nets
---------------------------------------------------------------------------------
---------------------------------------------------------------------------------
Finished Renaming Generated Nets : Time (s): cpu = 00:00:38 ; elapsed = 00:01:04 . Memory (MB): peak = 2605.461 ; gain = 878.211 ; free physical = 275 ; free virtual = 4568
---------------------------------------------------------------------------------
---------------------------------------------------------------------------------
Start Writing Synthesis Report
---------------------------------------------------------------------------------

Report BlackBoxes: 
+-+--------------+----------+
| |BlackBox name |Instances |
+-+--------------+----------+
+-+--------------+----------+

Report Cell Usage: 
+------+-----+------+
|      |Cell |Count |
+------+-----+------+
|1     |LUT3 |     2|
|2     |LUT4 |     2|
|3     |LUT5 |     2|
|4     |LUT6 |    10|
+------+-----+------+
---------------------------------------------------------------------------------
Finished Writing Synthesis Report : Time (s): cpu = 00:00:38 ; elapsed = 00:01:04 . Memory (MB): peak = 2605.461 ; gain = 878.211 ; free physical = 270 ; free virtual = 4564
---------------------------------------------------------------------------------
Synthesis finished with 0 errors, 0 critical warnings and 11 warnings.
Synthesis Optimization Runtime : Time (s): cpu = 00:00:35 ; elapsed = 00:01:01 . Memory (MB): peak = 2605.461 ; gain = 820.344 ; free physical = 279 ; free virtual = 4728
Synthesis Optimization Complete : Time (s): cpu = 00:00:38 ; elapsed = 00:01:04 . Memory (MB): peak = 2605.469 ; gain = 878.211 ; free physical = 271 ; free virtual = 4721
INFO: [Project 1-571] Translating synthesized netlist
Netlist sorting complete. Time (s): cpu = 00:00:00 ; elapsed = 00:00:00 . Memory (MB): peak = 2605.469 ; gain = 0.000 ; free physical = 269 ; free virtual = 4727
INFO: [Project 1-570] Preparing netlist for logic optimization
INFO: [Opt 31-138] Pushed 0 inverter(s) to 0 load pin(s).
Netlist sorting complete. Time (s): cpu = 00:00:00 ; elapsed = 00:00:00 . Memory (MB): peak = 2605.469 ; gain = 0.000 ; free physical = 278 ; free virtual = 4862
INFO: [Project 1-111] Unisim Transformation Summary:
No Unisim elements were transformed.

Synth Design complete | Checksum: 3d4d8296
INFO: [Common 17-83] Releasing license: Synthesis
20 Infos, 21 Warnings, 0 Critical Warnings and 0 Errors encountered.
synth_design completed successfully
synth_design: Time (s): cpu = 00:00:54 ; elapsed = 00:01:16 . Memory (MB): peak = 2605.496 ; gain = 1044.043 ; free physical = 379 ; free virtual = 5330
INFO: [Common 17-2834] synth_design peak Physical Memory [PSS] (MB): overall = 944.997; main = 938.978; forked = 193.242
INFO: [Common 17-2834] synth_design peak Virtual Memory [VSS] (MB): overall = 3564.859; main = 2605.465; forked = 1059.277
INFO: [Common 17-1381] The checkpoint '/home/govind/RISCV_5/RISCV_5.runs/dopmidsem_RN_0_0_synth_1/dopmidsem_RN_0_0.dcp' has been generated.
INFO: [Vivado 12-24828] Executing command : report_utilization -file dopmidsem_RN_0_0_utilization_synth.rpt -pb dopmidsem_RN_0_0_utilization_synth.pb
INFO: [Common 17-206] Exiting Vivado at Fri Oct 24 16:06:31 2025...
