
*** Running vivado
    with args -log dopmidsem_RN_IS_0_0.vds -m64 -product Vivado -mode batch -messageDb vivado.pb -notrace -source dopmidsem_RN_IS_0_0.tcl


****** Vivado v2025.1 (64-bit)
  **** SW Build 6140274 on Wed May 21 22:58:25 MDT 2025
  **** IP Build 6138677 on Thu May 22 03:10:11 MDT 2025
  **** SharedData Build 6139179 on Tue May 20 17:58:58 MDT 2025
  **** Start of session at: Fri Oct 24 16:06:34 2025
    ** Copyright 1986-2022 Xilinx, Inc. All Rights Reserved.
    ** Copyright 2022-2025 Advanced Micro Devices, Inc. All Rights Reserved.

source dopmidsem_RN_IS_0_0.tcl -notrace
create_project: Time (s): cpu = 00:00:20 ; elapsed = 00:00:10 . Memory (MB): peak = 1546.371 ; gain = 92.055 ; free physical = 1636 ; free virtual = 12577
INFO: [IP_Flow 19-234] Refreshing IP repositories
INFO: [IP_Flow 19-1704] No user IP repositories specified
INFO: [IP_Flow 19-2313] Loaded Vivado IP repository '/home/govind/Vivado/2025.1/Vivado/data/ip'.
Command: synth_design -top dopmidsem_RN_IS_0_0 -part xc7z020clg484-1 -incremental_mode off -mode out_of_context
Starting synth_design
Attempting to get a license for feature 'Synthesis' and/or device 'xc7z020'
INFO: [Common 17-349] Got license for feature 'Synthesis' and/or device 'xc7z020'
INFO: [Device 21-403] Loading part xc7z020clg484-1
INFO: [Synth 8-7079] Multithreading enabled for synth_design using a maximum of 7 processes.
INFO: [Synth 8-7078] Launching helper process for spawning children vivado processes
INFO: [Synth 8-7075] Helper process launched with PID 132409
---------------------------------------------------------------------------------
Starting RTL Elaboration : Time (s): cpu = 00:00:08 ; elapsed = 00:00:11 . Memory (MB): peak = 2168.902 ; gain = 440.828 ; free physical = 244 ; free virtual = 8521
---------------------------------------------------------------------------------
INFO: [Synth 8-6157] synthesizing module 'dopmidsem_RN_IS_0_0' [/home/govind/RISCV_5/RISCV_5.gen/sources_1/bd/dopmidsem/ip/dopmidsem_RN_IS_0_0/synth/dopmidsem_RN_IS_0_0.v:53]
INFO: [Synth 8-6157] synthesizing module 'RN_IS' [/home/govind/RISCV_5/RISCV_5.srcs/sources_1/new/RN_IS.v:23]
INFO: [Synth 8-6155] done synthesizing module 'RN_IS' (0#1) [/home/govind/RISCV_5/RISCV_5.srcs/sources_1/new/RN_IS.v:23]
INFO: [Synth 8-6155] done synthesizing module 'dopmidsem_RN_IS_0_0' (0#1) [/home/govind/RISCV_5/RISCV_5.gen/sources_1/bd/dopmidsem/ip/dopmidsem_RN_IS_0_0/synth/dopmidsem_RN_IS_0_0.v:53]
WARNING: [Synth 8-7129] Port rd1[4] in module RN_IS is either unconnected or has no load
WARNING: [Synth 8-7129] Port rd1[3] in module RN_IS is either unconnected or has no load
WARNING: [Synth 8-7129] Port rd1[2] in module RN_IS is either unconnected or has no load
WARNING: [Synth 8-7129] Port rd1[1] in module RN_IS is either unconnected or has no load
WARNING: [Synth 8-7129] Port rd1[0] in module RN_IS is either unconnected or has no load
WARNING: [Synth 8-7129] Port rd2[4] in module RN_IS is either unconnected or has no load
WARNING: [Synth 8-7129] Port rd2[3] in module RN_IS is either unconnected or has no load
WARNING: [Synth 8-7129] Port rd2[2] in module RN_IS is either unconnected or has no load
WARNING: [Synth 8-7129] Port rd2[1] in module RN_IS is either unconnected or has no load
WARNING: [Synth 8-7129] Port rd2[0] in module RN_IS is either unconnected or has no load
---------------------------------------------------------------------------------
Finished RTL Elaboration : Time (s): cpu = 00:00:10 ; elapsed = 00:00:14 . Memory (MB): peak = 2246.840 ; gain = 518.766 ; free physical = 330 ; free virtual = 7843
---------------------------------------------------------------------------------
---------------------------------------------------------------------------------
Start Handling Custom Attributes
---------------------------------------------------------------------------------
---------------------------------------------------------------------------------
Finished Handling Custom Attributes : Time (s): cpu = 00:00:10 ; elapsed = 00:00:14 . Memory (MB): peak = 2264.652 ; gain = 536.578 ; free physical = 315 ; free virtual = 7824
---------------------------------------------------------------------------------
---------------------------------------------------------------------------------
Finished RTL Optimization Phase 1 : Time (s): cpu = 00:00:10 ; elapsed = 00:00:14 . Memory (MB): peak = 2264.652 ; gain = 536.578 ; free physical = 315 ; free virtual = 7824
---------------------------------------------------------------------------------
Netlist sorting complete. Time (s): cpu = 00:00:00 ; elapsed = 00:00:00.01 . Memory (MB): peak = 2264.652 ; gain = 0.000 ; free physical = 302 ; free virtual = 7811
INFO: [Project 1-570] Preparing netlist for logic optimization

Processing XDC Constraints
Initializing timing engine
Completed Processing XDC Constraints

Netlist sorting complete. Time (s): cpu = 00:00:00 ; elapsed = 00:00:00 . Memory (MB): peak = 2386.391 ; gain = 0.000 ; free physical = 284 ; free virtual = 7406
INFO: [Project 1-111] Unisim Transformation Summary:
No Unisim elements were transformed.

Constraint Validation Runtime : Time (s): cpu = 00:00:00.04 ; elapsed = 00:00:00.03 . Memory (MB): peak = 2386.426 ; gain = 0.000 ; free physical = 278 ; free virtual = 7396
INFO: [Designutils 20-5008] Incremental synthesis strategy off
---------------------------------------------------------------------------------
Finished Constraint Validation : Time (s): cpu = 00:00:20 ; elapsed = 00:00:25 . Memory (MB): peak = 2386.426 ; gain = 658.352 ; free physical = 231 ; free virtual = 6969
---------------------------------------------------------------------------------
---------------------------------------------------------------------------------
Start Loading Part and Timing Information
---------------------------------------------------------------------------------
Loading part: xc7z020clg484-1
---------------------------------------------------------------------------------
Finished Loading Part and Timing Information : Time (s): cpu = 00:00:20 ; elapsed = 00:00:25 . Memory (MB): peak = 2394.395 ; gain = 666.320 ; free physical = 233 ; free virtual = 6970
---------------------------------------------------------------------------------
---------------------------------------------------------------------------------
Start Applying 'set_property' XDC Constraints
---------------------------------------------------------------------------------
---------------------------------------------------------------------------------
Finished applying 'set_property' XDC Constraints : Time (s): cpu = 00:00:20 ; elapsed = 00:00:25 . Memory (MB): peak = 2394.395 ; gain = 666.320 ; free physical = 233 ; free virtual = 6966
---------------------------------------------------------------------------------
---------------------------------------------------------------------------------
Finished RTL Optimization Phase 2 : Time (s): cpu = 00:00:21 ; elapsed = 00:00:25 . Memory (MB): peak = 2394.395 ; gain = 666.320 ; free physical = 240 ; free virtual = 6923
---------------------------------------------------------------------------------
---------------------------------------------------------------------------------
Start RTL Component Statistics 
---------------------------------------------------------------------------------
Detailed RTL Component Info : 
+---Registers : 
	               32 Bit    Registers := 4     
	                7 Bit    Registers := 2     
	                5 Bit    Registers := 10    
	                3 Bit    Registers := 2     
	                1 Bit    Registers := 18    
---------------------------------------------------------------------------------
Finished RTL Component Statistics 
---------------------------------------------------------------------------------
---------------------------------------------------------------------------------
Start Part Resource Summary
---------------------------------------------------------------------------------
Part Resources:
DSPs: 220 (col length:60)
BRAMs: 280 (col length: RAMB18 60 RAMB36 30)
---------------------------------------------------------------------------------
Finished Part Resource Summary
---------------------------------------------------------------------------------
---------------------------------------------------------------------------------
Start Cross Boundary and Area Optimization
---------------------------------------------------------------------------------
WARNING: [Synth 8-7080] Parallel synthesis criteria is not met
WARNING: [Synth 8-7129] Port rd1[4] in module dopmidsem_RN_IS_0_0 is either unconnected or has no load
WARNING: [Synth 8-7129] Port rd1[3] in module dopmidsem_RN_IS_0_0 is either unconnected or has no load
WARNING: [Synth 8-7129] Port rd1[2] in module dopmidsem_RN_IS_0_0 is either unconnected or has no load
WARNING: [Synth 8-7129] Port rd1[1] in module dopmidsem_RN_IS_0_0 is either unconnected or has no load
WARNING: [Synth 8-7129] Port rd1[0] in module dopmidsem_RN_IS_0_0 is either unconnected or has no load
WARNING: [Synth 8-7129] Port rd2[4] in module dopmidsem_RN_IS_0_0 is either unconnected or has no load
WARNING: [Synth 8-7129] Port rd2[3] in module dopmidsem_RN_IS_0_0 is either unconnected or has no load
WARNING: [Synth 8-7129] Port rd2[2] in module dopmidsem_RN_IS_0_0 is either unconnected or has no load
WARNING: [Synth 8-7129] Port rd2[1] in module dopmidsem_RN_IS_0_0 is either unconnected or has no load
WARNING: [Synth 8-7129] Port rd2[0] in module dopmidsem_RN_IS_0_0 is either unconnected or has no load
---------------------------------------------------------------------------------
Finished Cross Boundary and Area Optimization : Time (s): cpu = 00:00:22 ; elapsed = 00:00:27 . Memory (MB): peak = 2394.395 ; gain = 666.320 ; free physical = 243 ; free virtual = 6810
---------------------------------------------------------------------------------
---------------------------------------------------------------------------------
Start Applying XDC Timing Constraints
---------------------------------------------------------------------------------
---------------------------------------------------------------------------------
Finished Applying XDC Timing Constraints : Time (s): cpu = 00:00:30 ; elapsed = 00:00:37 . Memory (MB): peak = 2411.395 ; gain = 683.320 ; free physical = 258 ; free virtual = 5663
---------------------------------------------------------------------------------
---------------------------------------------------------------------------------
Start Timing Optimization
---------------------------------------------------------------------------------
---------------------------------------------------------------------------------
Finished Timing Optimization : Time (s): cpu = 00:00:30 ; elapsed = 00:00:37 . Memory (MB): peak = 2411.395 ; gain = 683.320 ; free physical = 253 ; free virtual = 5659
---------------------------------------------------------------------------------
---------------------------------------------------------------------------------
Start Technology Mapping
---------------------------------------------------------------------------------
---------------------------------------------------------------------------------
Finished Technology Mapping : Time (s): cpu = 00:00:30 ; elapsed = 00:00:37 . Memory (MB): peak = 2421.410 ; gain = 693.336 ; free physical = 265 ; free virtual = 5646
---------------------------------------------------------------------------------
---------------------------------------------------------------------------------
Start IO Insertion
---------------------------------------------------------------------------------
---------------------------------------------------------------------------------
Start Flattening Before IO Insertion
---------------------------------------------------------------------------------
---------------------------------------------------------------------------------
Finished Flattening Before IO Insertion
---------------------------------------------------------------------------------
---------------------------------------------------------------------------------
Start Final Netlist Cleanup
---------------------------------------------------------------------------------
---------------------------------------------------------------------------------
Finished Final Netlist Cleanup
---------------------------------------------------------------------------------
---------------------------------------------------------------------------------
Finished IO Insertion : Time (s): cpu = 00:00:35 ; elapsed = 00:00:45 . Memory (MB): peak = 2596.223 ; gain = 868.148 ; free physical = 268 ; free virtual = 4821
---------------------------------------------------------------------------------
---------------------------------------------------------------------------------
Start Renaming Generated Instances
---------------------------------------------------------------------------------
---------------------------------------------------------------------------------
Finished Renaming Generated Instances : Time (s): cpu = 00:00:35 ; elapsed = 00:00:45 . Memory (MB): peak = 2596.223 ; gain = 868.148 ; free physical = 270 ; free virtual = 4823
---------------------------------------------------------------------------------
---------------------------------------------------------------------------------
Start Rebuilding User Hierarchy
---------------------------------------------------------------------------------
---------------------------------------------------------------------------------
Finished Rebuilding User Hierarchy : Time (s): cpu = 00:00:35 ; elapsed = 00:00:45 . Memory (MB): peak = 2596.223 ; gain = 868.148 ; free physical = 265 ; free virtual = 4807
---------------------------------------------------------------------------------
---------------------------------------------------------------------------------
Start Renaming Generated Ports
---------------------------------------------------------------------------------
---------------------------------------------------------------------------------
Finished Renaming Generated Ports : Time (s): cpu = 00:00:35 ; elapsed = 00:00:45 . Memory (MB): peak = 2596.223 ; gain = 868.148 ; free physical = 267 ; free virtual = 4805
---------------------------------------------------------------------------------
---------------------------------------------------------------------------------
Start Handling Custom Attributes
---------------------------------------------------------------------------------
---------------------------------------------------------------------------------
Finished Handling Custom Attributes : Time (s): cpu = 00:00:35 ; elapsed = 00:00:45 . Memory (MB): peak = 2596.223 ; gain = 868.148 ; free physical = 270 ; free virtual = 4787
---------------------------------------------------------------------------------
---------------------------------------------------------------------------------
Start Renaming Generated Nets
---------------------------------------------------------------------------------
---------------------------------------------------------------------------------
Finished Renaming Generated Nets : Time (s): cpu = 00:00:35 ; elapsed = 00:00:45 . Memory (MB): peak = 2596.223 ; gain = 868.148 ; free physical = 270 ; free virtual = 4787
---------------------------------------------------------------------------------
---------------------------------------------------------------------------------
Start Writing Synthesis Report
---------------------------------------------------------------------------------

Report BlackBoxes: 
+-+--------------+----------+
| |BlackBox name |Instances |
+-+--------------+----------+
+-+--------------+----------+

Report Cell Usage: 
+------+-----+------+
|      |Cell |Count |
+------+-----+------+
|1     |FDRE |   216|
+------+-----+------+
---------------------------------------------------------------------------------
Finished Writing Synthesis Report : Time (s): cpu = 00:00:35 ; elapsed = 00:00:45 . Memory (MB): peak = 2596.223 ; gain = 868.148 ; free physical = 268 ; free virtual = 4784
---------------------------------------------------------------------------------
Synthesis finished with 0 errors, 0 critical warnings and 11 warnings.
Synthesis Optimization Runtime : Time (s): cpu = 00:00:33 ; elapsed = 00:00:48 . Memory (MB): peak = 2596.223 ; gain = 746.375 ; free physical = 394 ; free virtual = 3711
Synthesis Optimization Complete : Time (s): cpu = 00:00:36 ; elapsed = 00:00:51 . Memory (MB): peak = 2596.230 ; gain = 868.148 ; free physical = 394 ; free virtual = 3712
INFO: [Project 1-571] Translating synthesized netlist
Netlist sorting complete. Time (s): cpu = 00:00:00.01 ; elapsed = 00:00:00.01 . Memory (MB): peak = 2596.230 ; gain = 0.000 ; free physical = 335 ; free virtual = 3702
INFO: [Project 1-570] Preparing netlist for logic optimization
INFO: [Opt 31-138] Pushed 0 inverter(s) to 0 load pin(s).
Netlist sorting complete. Time (s): cpu = 00:00:00 ; elapsed = 00:00:00 . Memory (MB): peak = 2596.230 ; gain = 0.000 ; free physical = 209 ; free virtual = 4684
INFO: [Project 1-111] Unisim Transformation Summary:
No Unisim elements were transformed.

Synth Design complete | Checksum: dd56e130
INFO: [Common 17-83] Releasing license: Synthesis
20 Infos, 21 Warnings, 0 Critical Warnings and 0 Errors encountered.
synth_design completed successfully
synth_design: Time (s): cpu = 00:00:52 ; elapsed = 00:01:04 . Memory (MB): peak = 2596.258 ; gain = 1049.887 ; free physical = 244 ; free virtual = 4822
INFO: [Common 17-2834] synth_design peak Physical Memory [PSS] (MB): overall = 1045.113; main = 1045.113; forked = 186.794
INFO: [Common 17-2834] synth_design peak Virtual Memory [VSS] (MB): overall = 3553.469; main = 2596.227; forked = 957.242
INFO: [Common 17-1381] The checkpoint '/home/govind/RISCV_5/RISCV_5.runs/dopmidsem_RN_IS_0_0_synth_1/dopmidsem_RN_IS_0_0.dcp' has been generated.
INFO: [Vivado 12-24828] Executing command : report_utilization -file dopmidsem_RN_IS_0_0_utilization_synth.rpt -pb dopmidsem_RN_IS_0_0_utilization_synth.pb
INFO: [Common 17-206] Exiting Vivado at Fri Oct 24 16:07:59 2025...
