
*** Running vivado
    with args -log dopmidsem_ID_0_0.vds -m64 -product Vivado -mode batch -messageDb vivado.pb -notrace -source dopmidsem_ID_0_0.tcl


****** Vivado v2025.1 (64-bit)
  **** SW Build 6140274 on Wed May 21 22:58:25 MDT 2025
  **** IP Build 6138677 on Thu May 22 03:10:11 MDT 2025
  **** SharedData Build 6139179 on Tue May 20 17:58:58 MDT 2025
  **** Start of session at: Fri Oct 24 16:05:00 2025
    ** Copyright 1986-2022 Xilinx, Inc. All Rights Reserved.
    ** Copyright 2022-2025 Advanced Micro Devices, Inc. All Rights Reserved.

source dopmidsem_ID_0_0.tcl -notrace
create_project: Time (s): cpu = 00:00:18 ; elapsed = 00:00:10 . Memory (MB): peak = 1555.477 ; gain = 142.055 ; free physical = 261 ; free virtual = 17536
INFO: [IP_Flow 19-234] Refreshing IP repositories
INFO: [IP_Flow 19-1704] No user IP repositories specified
INFO: [IP_Flow 19-2313] Loaded Vivado IP repository '/home/govind/Vivado/2025.1/Vivado/data/ip'.
Command: synth_design -top dopmidsem_ID_0_0 -part xc7z020clg484-1 -incremental_mode off -mode out_of_context
Starting synth_design
Attempting to get a license for feature 'Synthesis' and/or device 'xc7z020'
INFO: [Common 17-349] Got license for feature 'Synthesis' and/or device 'xc7z020'
INFO: [Device 21-403] Loading part xc7z020clg484-1
INFO: [Synth 8-7079] Multithreading enabled for synth_design using a maximum of 7 processes.
INFO: [Synth 8-7078] Launching helper process for spawning children vivado processes
INFO: [Synth 8-7075] Helper process launched with PID 129953
---------------------------------------------------------------------------------
Starting RTL Elaboration : Time (s): cpu = 00:00:10 ; elapsed = 00:00:29 . Memory (MB): peak = 2169.945 ; gain = 442.766 ; free physical = 218 ; free virtual = 7701
---------------------------------------------------------------------------------
INFO: [Synth 8-6157] synthesizing module 'dopmidsem_ID_0_0' [/home/govind/RISCV_5/RISCV_5.gen/sources_1/bd/dopmidsem/ip/dopmidsem_ID_0_0/synth/dopmidsem_ID_0_0.v:53]
INFO: [Synth 8-6157] synthesizing module 'ID' [/home/govind/RISCV_5/RISCV_5.srcs/sources_1/new/ID.v:23]
INFO: [Synth 8-6155] done synthesizing module 'ID' (0#1) [/home/govind/RISCV_5/RISCV_5.srcs/sources_1/new/ID.v:23]
INFO: [Synth 8-6155] done synthesizing module 'dopmidsem_ID_0_0' (0#1) [/home/govind/RISCV_5/RISCV_5.gen/sources_1/bd/dopmidsem/ip/dopmidsem_ID_0_0/synth/dopmidsem_ID_0_0.v:53]
---------------------------------------------------------------------------------
Finished RTL Elaboration : Time (s): cpu = 00:00:12 ; elapsed = 00:00:31 . Memory (MB): peak = 2246.883 ; gain = 519.703 ; free physical = 339 ; free virtual = 7319
---------------------------------------------------------------------------------
---------------------------------------------------------------------------------
Start Handling Custom Attributes
---------------------------------------------------------------------------------
---------------------------------------------------------------------------------
Finished Handling Custom Attributes : Time (s): cpu = 00:00:12 ; elapsed = 00:00:31 . Memory (MB): peak = 2264.695 ; gain = 537.516 ; free physical = 313 ; free virtual = 7299
---------------------------------------------------------------------------------
---------------------------------------------------------------------------------
Finished RTL Optimization Phase 1 : Time (s): cpu = 00:00:12 ; elapsed = 00:00:31 . Memory (MB): peak = 2264.695 ; gain = 537.516 ; free physical = 313 ; free virtual = 7299
---------------------------------------------------------------------------------
Netlist sorting complete. Time (s): cpu = 00:00:00 ; elapsed = 00:00:00 . Memory (MB): peak = 2264.695 ; gain = 0.000 ; free physical = 303 ; free virtual = 7290
INFO: [Project 1-570] Preparing netlist for logic optimization

Processing XDC Constraints
Initializing timing engine
Completed Processing XDC Constraints

Netlist sorting complete. Time (s): cpu = 00:00:00 ; elapsed = 00:00:00 . Memory (MB): peak = 2313.621 ; gain = 0.000 ; free physical = 280 ; free virtual = 6870
INFO: [Project 1-111] Unisim Transformation Summary:
No Unisim elements were transformed.

Constraint Validation Runtime : Time (s): cpu = 00:00:00.03 ; elapsed = 00:00:00.02 . Memory (MB): peak = 2313.656 ; gain = 0.000 ; free physical = 288 ; free virtual = 6840
INFO: [Designutils 20-5008] Incremental synthesis strategy off
---------------------------------------------------------------------------------
Finished Constraint Validation : Time (s): cpu = 00:00:23 ; elapsed = 00:00:43 . Memory (MB): peak = 2313.656 ; gain = 586.477 ; free physical = 222 ; free virtual = 6269
---------------------------------------------------------------------------------
---------------------------------------------------------------------------------
Start Loading Part and Timing Information
---------------------------------------------------------------------------------
Loading part: xc7z020clg484-1
---------------------------------------------------------------------------------
Finished Loading Part and Timing Information : Time (s): cpu = 00:00:23 ; elapsed = 00:00:43 . Memory (MB): peak = 2321.625 ; gain = 594.445 ; free physical = 222 ; free virtual = 6270
---------------------------------------------------------------------------------
---------------------------------------------------------------------------------
Start Applying 'set_property' XDC Constraints
---------------------------------------------------------------------------------
---------------------------------------------------------------------------------
Finished applying 'set_property' XDC Constraints : Time (s): cpu = 00:00:23 ; elapsed = 00:00:43 . Memory (MB): peak = 2321.625 ; gain = 594.445 ; free physical = 220 ; free virtual = 6269
---------------------------------------------------------------------------------
---------------------------------------------------------------------------------
Finished RTL Optimization Phase 2 : Time (s): cpu = 00:00:24 ; elapsed = 00:00:43 . Memory (MB): peak = 2321.625 ; gain = 594.445 ; free physical = 200 ; free virtual = 6260
---------------------------------------------------------------------------------
---------------------------------------------------------------------------------
Start RTL Component Statistics 
---------------------------------------------------------------------------------
Detailed RTL Component Info : 
---------------------------------------------------------------------------------
Finished RTL Component Statistics 
---------------------------------------------------------------------------------
---------------------------------------------------------------------------------
Start Part Resource Summary
---------------------------------------------------------------------------------
Part Resources:
DSPs: 220 (col length:60)
BRAMs: 280 (col length: RAMB18 60 RAMB36 30)
---------------------------------------------------------------------------------
Finished Part Resource Summary
---------------------------------------------------------------------------------
---------------------------------------------------------------------------------
Start Cross Boundary and Area Optimization
---------------------------------------------------------------------------------
WARNING: [Synth 8-7080] Parallel synthesis criteria is not met
---------------------------------------------------------------------------------
Finished Cross Boundary and Area Optimization : Time (s): cpu = 00:00:25 ; elapsed = 00:00:45 . Memory (MB): peak = 2321.625 ; gain = 594.445 ; free physical = 186 ; free virtual = 6220
---------------------------------------------------------------------------------
---------------------------------------------------------------------------------
Start Applying XDC Timing Constraints
---------------------------------------------------------------------------------
---------------------------------------------------------------------------------
Finished Applying XDC Timing Constraints : Time (s): cpu = 00:00:32 ; elapsed = 00:00:55 . Memory (MB): peak = 2429.625 ; gain = 702.445 ; free physical = 234 ; free virtual = 4911
---------------------------------------------------------------------------------
---------------------------------------------------------------------------------
Start Timing Optimization
---------------------------------------------------------------------------------
---------------------------------------------------------------------------------
Finished Timing Optimization : Time (s): cpu = 00:00:32 ; elapsed = 00:00:55 . Memory (MB): peak = 2429.625 ; gain = 702.445 ; free physical = 234 ; free virtual = 4911
---------------------------------------------------------------------------------
---------------------------------------------------------------------------------
Start Technology Mapping
---------------------------------------------------------------------------------
---------------------------------------------------------------------------------
Finished Technology Mapping : Time (s): cpu = 00:00:32 ; elapsed = 00:00:55 . Memory (MB): peak = 2439.641 ; gain = 712.461 ; free physical = 222 ; free virtual = 4899
---------------------------------------------------------------------------------
---------------------------------------------------------------------------------
Start IO Insertion
---------------------------------------------------------------------------------
---------------------------------------------------------------------------------
Start Flattening Before IO Insertion
---------------------------------------------------------------------------------
---------------------------------------------------------------------------------
Finished Flattening Before IO Insertion
---------------------------------------------------------------------------------
---------------------------------------------------------------------------------
Start Final Netlist Cleanup
---------------------------------------------------------------------------------
---------------------------------------------------------------------------------
Finished Final Netlist Cleanup
---------------------------------------------------------------------------------
---------------------------------------------------------------------------------
Finished IO Insertion : Time (s): cpu = 00:00:38 ; elapsed = 00:01:02 . Memory (MB): peak = 2614.453 ; gain = 887.273 ; free physical = 269 ; free virtual = 4453
---------------------------------------------------------------------------------
---------------------------------------------------------------------------------
Start Renaming Generated Instances
---------------------------------------------------------------------------------
---------------------------------------------------------------------------------
Finished Renaming Generated Instances : Time (s): cpu = 00:00:38 ; elapsed = 00:01:02 . Memory (MB): peak = 2614.453 ; gain = 887.273 ; free physical = 271 ; free virtual = 4451
---------------------------------------------------------------------------------
---------------------------------------------------------------------------------
Start Rebuilding User Hierarchy
---------------------------------------------------------------------------------
---------------------------------------------------------------------------------
Finished Rebuilding User Hierarchy : Time (s): cpu = 00:00:38 ; elapsed = 00:01:02 . Memory (MB): peak = 2614.453 ; gain = 887.273 ; free physical = 275 ; free virtual = 4452
---------------------------------------------------------------------------------
---------------------------------------------------------------------------------
Start Renaming Generated Ports
---------------------------------------------------------------------------------
---------------------------------------------------------------------------------
Finished Renaming Generated Ports : Time (s): cpu = 00:00:38 ; elapsed = 00:01:02 . Memory (MB): peak = 2614.453 ; gain = 887.273 ; free physical = 270 ; free virtual = 4448
---------------------------------------------------------------------------------
---------------------------------------------------------------------------------
Start Handling Custom Attributes
---------------------------------------------------------------------------------
---------------------------------------------------------------------------------
Finished Handling Custom Attributes : Time (s): cpu = 00:00:38 ; elapsed = 00:01:02 . Memory (MB): peak = 2614.453 ; gain = 887.273 ; free physical = 272 ; free virtual = 4449
---------------------------------------------------------------------------------
---------------------------------------------------------------------------------
Start Renaming Generated Nets
---------------------------------------------------------------------------------
---------------------------------------------------------------------------------
Finished Renaming Generated Nets : Time (s): cpu = 00:00:38 ; elapsed = 00:01:02 . Memory (MB): peak = 2614.453 ; gain = 887.273 ; free physical = 271 ; free virtual = 4448
---------------------------------------------------------------------------------
---------------------------------------------------------------------------------
Start Writing Synthesis Report
---------------------------------------------------------------------------------

Report BlackBoxes: 
+-+--------------+----------+
| |BlackBox name |Instances |
+-+--------------+----------+
+-+--------------+----------+

Report Cell Usage: 
+------+-----+------+
|      |Cell |Count |
+------+-----+------+
|1     |LUT4 |    14|
|2     |LUT5 |    30|
+------+-----+------+
---------------------------------------------------------------------------------
Finished Writing Synthesis Report : Time (s): cpu = 00:00:38 ; elapsed = 00:01:02 . Memory (MB): peak = 2614.453 ; gain = 887.273 ; free physical = 273 ; free virtual = 4451
---------------------------------------------------------------------------------
Synthesis finished with 0 errors, 0 critical warnings and 1 warnings.
Synthesis Optimization Runtime : Time (s): cpu = 00:00:36 ; elapsed = 00:01:00 . Memory (MB): peak = 2614.453 ; gain = 838.312 ; free physical = 310 ; free virtual = 4591
Synthesis Optimization Complete : Time (s): cpu = 00:00:38 ; elapsed = 00:01:02 . Memory (MB): peak = 2614.461 ; gain = 887.273 ; free physical = 313 ; free virtual = 4596
INFO: [Project 1-571] Translating synthesized netlist
Netlist sorting complete. Time (s): cpu = 00:00:00.01 ; elapsed = 00:00:00 . Memory (MB): peak = 2614.461 ; gain = 0.000 ; free physical = 270 ; free virtual = 4580
INFO: [Project 1-570] Preparing netlist for logic optimization
INFO: [Opt 31-138] Pushed 0 inverter(s) to 0 load pin(s).
Netlist sorting complete. Time (s): cpu = 00:00:00 ; elapsed = 00:00:00 . Memory (MB): peak = 2670.480 ; gain = 0.000 ; free physical = 278 ; free virtual = 4986
INFO: [Project 1-111] Unisim Transformation Summary:
No Unisim elements were transformed.

Synth Design complete | Checksum: e8300e67
INFO: [Common 17-83] Releasing license: Synthesis
20 Infos, 1 Warnings, 0 Critical Warnings and 0 Errors encountered.
synth_design completed successfully
synth_design: Time (s): cpu = 00:00:53 ; elapsed = 00:01:13 . Memory (MB): peak = 2670.516 ; gain = 1115.039 ; free physical = 278 ; free virtual = 4988
INFO: [Common 17-2834] synth_design peak Physical Memory [PSS] (MB): overall = 980.842; main = 980.842; forked = 208.732
INFO: [Common 17-2834] synth_design peak Virtual Memory [VSS] (MB): overall = 3319.023; main = 2670.484; forked = 993.684
Write ShapeDB Complete: Time (s): cpu = 00:00:00 ; elapsed = 00:00:00 . Memory (MB): peak = 2694.492 ; gain = 0.000 ; free physical = 283 ; free virtual = 4978
INFO: [Common 17-1381] The checkpoint '/home/govind/RISCV_5/RISCV_5.runs/dopmidsem_ID_0_0_synth_1/dopmidsem_ID_0_0.dcp' has been generated.
INFO: [Vivado 12-24828] Executing command : report_utilization -file dopmidsem_ID_0_0_utilization_synth.rpt -pb dopmidsem_ID_0_0_utilization_synth.pb
INFO: [Common 17-206] Exiting Vivado at Fri Oct 24 16:06:31 2025...
