
*** Running vivado
    with args -log dopmidsem_EX_ALU_1_0.vds -m64 -product Vivado -mode batch -messageDb vivado.pb -notrace -source dopmidsem_EX_ALU_1_0.tcl


****** Vivado v2025.1 (64-bit)
  **** SW Build 6140274 on Wed May 21 22:58:25 MDT 2025
  **** IP Build 6138677 on Thu May 22 03:10:11 MDT 2025
  **** SharedData Build 6139179 on Tue May 20 17:58:58 MDT 2025
  **** Start of session at: Fri Oct 24 16:08:07 2025
    ** Copyright 1986-2022 Xilinx, Inc. All Rights Reserved.
    ** Copyright 2022-2025 Advanced Micro Devices, Inc. All Rights Reserved.

source dopmidsem_EX_ALU_1_0.tcl -notrace
create_project: Time (s): cpu = 00:00:22 ; elapsed = 00:00:06 . Memory (MB): peak = 1639.566 ; gain = 245.516 ; free physical = 1439 ; free virtual = 11313
INFO: [IP_Flow 19-234] Refreshing IP repositories
INFO: [IP_Flow 19-1704] No user IP repositories specified
INFO: [IP_Flow 19-2313] Loaded Vivado IP repository '/home/govind/Vivado/2025.1/Vivado/data/ip'.
Command: synth_design -top dopmidsem_EX_ALU_1_0 -part xc7z020clg484-1 -incremental_mode off -mode out_of_context
Starting synth_design
Attempting to get a license for feature 'Synthesis' and/or device 'xc7z020'
INFO: [Common 17-349] Got license for feature 'Synthesis' and/or device 'xc7z020'
INFO: [Device 21-403] Loading part xc7z020clg484-1
INFO: [Synth 8-7079] Multithreading enabled for synth_design using a maximum of 7 processes.
INFO: [Synth 8-7078] Launching helper process for spawning children vivado processes
INFO: [Synth 8-7075] Helper process launched with PID 135666
---------------------------------------------------------------------------------
Starting RTL Elaboration : Time (s): cpu = 00:00:07 ; elapsed = 00:00:09 . Memory (MB): peak = 2169.137 ; gain = 439.828 ; free physical = 263 ; free virtual = 9347
---------------------------------------------------------------------------------
INFO: [Synth 8-6157] synthesizing module 'dopmidsem_EX_ALU_1_0' [/home/govind/RISCV_5/RISCV_5.gen/sources_1/bd/dopmidsem/ip/dopmidsem_EX_ALU_1_0/synth/dopmidsem_EX_ALU_1_0.v:53]
INFO: [Synth 8-6157] synthesizing module 'EX_ALU' [/home/govind/RISCV_5/RISCV_5.srcs/sources_1/new/EX_ALU.v:23]
INFO: [Synth 8-226] default block is never used [/home/govind/RISCV_5/RISCV_5.srcs/sources_1/new/EX_ALU.v:42]
INFO: [Synth 8-6155] done synthesizing module 'EX_ALU' (0#1) [/home/govind/RISCV_5/RISCV_5.srcs/sources_1/new/EX_ALU.v:23]
INFO: [Synth 8-6155] done synthesizing module 'dopmidsem_EX_ALU_1_0' (0#1) [/home/govind/RISCV_5/RISCV_5.gen/sources_1/bd/dopmidsem/ip/dopmidsem_EX_ALU_1_0/synth/dopmidsem_EX_ALU_1_0.v:53]
---------------------------------------------------------------------------------
Finished RTL Elaboration : Time (s): cpu = 00:00:09 ; elapsed = 00:00:11 . Memory (MB): peak = 2246.074 ; gain = 516.766 ; free physical = 264 ; free virtual = 8936
---------------------------------------------------------------------------------
---------------------------------------------------------------------------------
Start Handling Custom Attributes
---------------------------------------------------------------------------------
---------------------------------------------------------------------------------
Finished Handling Custom Attributes : Time (s): cpu = 00:00:09 ; elapsed = 00:00:11 . Memory (MB): peak = 2263.887 ; gain = 534.578 ; free physical = 262 ; free virtual = 8913
---------------------------------------------------------------------------------
---------------------------------------------------------------------------------
Finished RTL Optimization Phase 1 : Time (s): cpu = 00:00:09 ; elapsed = 00:00:11 . Memory (MB): peak = 2263.887 ; gain = 534.578 ; free physical = 262 ; free virtual = 8912
---------------------------------------------------------------------------------
Netlist sorting complete. Time (s): cpu = 00:00:00 ; elapsed = 00:00:00 . Memory (MB): peak = 2263.887 ; gain = 0.000 ; free physical = 261 ; free virtual = 8910
INFO: [Project 1-570] Preparing netlist for logic optimization

Processing XDC Constraints
Initializing timing engine
Completed Processing XDC Constraints

Netlist sorting complete. Time (s): cpu = 00:00:00 ; elapsed = 00:00:00 . Memory (MB): peak = 2356.625 ; gain = 0.000 ; free physical = 263 ; free virtual = 8457
INFO: [Project 1-111] Unisim Transformation Summary:
No Unisim elements were transformed.

Constraint Validation Runtime : Time (s): cpu = 00:00:00.05 ; elapsed = 00:00:00.03 . Memory (MB): peak = 2356.660 ; gain = 0.000 ; free physical = 263 ; free virtual = 8446
INFO: [Designutils 20-5008] Incremental synthesis strategy off
---------------------------------------------------------------------------------
Finished Constraint Validation : Time (s): cpu = 00:00:20 ; elapsed = 00:00:23 . Memory (MB): peak = 2356.660 ; gain = 627.352 ; free physical = 1296 ; free virtual = 8282
---------------------------------------------------------------------------------
---------------------------------------------------------------------------------
Start Loading Part and Timing Information
---------------------------------------------------------------------------------
Loading part: xc7z020clg484-1
---------------------------------------------------------------------------------
Finished Loading Part and Timing Information : Time (s): cpu = 00:00:20 ; elapsed = 00:00:23 . Memory (MB): peak = 2364.629 ; gain = 635.320 ; free physical = 1303 ; free virtual = 8311
---------------------------------------------------------------------------------
---------------------------------------------------------------------------------
Start Applying 'set_property' XDC Constraints
---------------------------------------------------------------------------------
---------------------------------------------------------------------------------
Finished applying 'set_property' XDC Constraints : Time (s): cpu = 00:00:20 ; elapsed = 00:00:23 . Memory (MB): peak = 2364.629 ; gain = 635.320 ; free physical = 1301 ; free virtual = 8307
---------------------------------------------------------------------------------
---------------------------------------------------------------------------------
Finished RTL Optimization Phase 2 : Time (s): cpu = 00:00:20 ; elapsed = 00:00:24 . Memory (MB): peak = 2364.629 ; gain = 635.320 ; free physical = 1170 ; free virtual = 8209
---------------------------------------------------------------------------------
---------------------------------------------------------------------------------
Start RTL Component Statistics 
---------------------------------------------------------------------------------
Detailed RTL Component Info : 
+---Adders : 
	   2 Input   32 Bit       Adders := 1     
	   3 Input   32 Bit       Adders := 1     
+---XORs : 
	   2 Input     32 Bit         XORs := 1     
---------------------------------------------------------------------------------
Finished RTL Component Statistics 
---------------------------------------------------------------------------------
---------------------------------------------------------------------------------
Start Part Resource Summary
---------------------------------------------------------------------------------
Part Resources:
DSPs: 220 (col length:60)
BRAMs: 280 (col length: RAMB18 60 RAMB36 30)
---------------------------------------------------------------------------------
Finished Part Resource Summary
---------------------------------------------------------------------------------
---------------------------------------------------------------------------------
Start Cross Boundary and Area Optimization
---------------------------------------------------------------------------------
WARNING: [Synth 8-7080] Parallel synthesis criteria is not met
---------------------------------------------------------------------------------
Finished Cross Boundary and Area Optimization : Time (s): cpu = 00:00:26 ; elapsed = 00:00:31 . Memory (MB): peak = 2364.629 ; gain = 635.320 ; free physical = 215 ; free virtual = 7122
---------------------------------------------------------------------------------
---------------------------------------------------------------------------------
Start Applying XDC Timing Constraints
---------------------------------------------------------------------------------
---------------------------------------------------------------------------------
Finished Applying XDC Timing Constraints : Time (s): cpu = 00:00:34 ; elapsed = 00:00:40 . Memory (MB): peak = 2433.629 ; gain = 704.320 ; free physical = 1158 ; free virtual = 8158
---------------------------------------------------------------------------------
---------------------------------------------------------------------------------
Start Timing Optimization
---------------------------------------------------------------------------------
---------------------------------------------------------------------------------
Finished Timing Optimization : Time (s): cpu = 00:00:34 ; elapsed = 00:00:40 . Memory (MB): peak = 2433.629 ; gain = 704.320 ; free physical = 1152 ; free virtual = 8155
---------------------------------------------------------------------------------
---------------------------------------------------------------------------------
Start Technology Mapping
---------------------------------------------------------------------------------
---------------------------------------------------------------------------------
Finished Technology Mapping : Time (s): cpu = 00:00:35 ; elapsed = 00:00:40 . Memory (MB): peak = 2445.645 ; gain = 716.336 ; free physical = 1094 ; free virtual = 8120
---------------------------------------------------------------------------------
---------------------------------------------------------------------------------
Start IO Insertion
---------------------------------------------------------------------------------
---------------------------------------------------------------------------------
Start Flattening Before IO Insertion
---------------------------------------------------------------------------------
---------------------------------------------------------------------------------
Finished Flattening Before IO Insertion
---------------------------------------------------------------------------------
---------------------------------------------------------------------------------
Start Final Netlist Cleanup
---------------------------------------------------------------------------------
---------------------------------------------------------------------------------
Finished Final Netlist Cleanup
---------------------------------------------------------------------------------
---------------------------------------------------------------------------------
Finished IO Insertion : Time (s): cpu = 00:00:39 ; elapsed = 00:00:45 . Memory (MB): peak = 2618.457 ; gain = 889.148 ; free physical = 3632 ; free virtual = 12549
---------------------------------------------------------------------------------
---------------------------------------------------------------------------------
Start Renaming Generated Instances
---------------------------------------------------------------------------------
---------------------------------------------------------------------------------
Finished Renaming Generated Instances : Time (s): cpu = 00:00:39 ; elapsed = 00:00:45 . Memory (MB): peak = 2618.457 ; gain = 889.148 ; free physical = 3631 ; free virtual = 12548
---------------------------------------------------------------------------------
---------------------------------------------------------------------------------
Start Rebuilding User Hierarchy
---------------------------------------------------------------------------------
---------------------------------------------------------------------------------
Finished Rebuilding User Hierarchy : Time (s): cpu = 00:00:39 ; elapsed = 00:00:45 . Memory (MB): peak = 2618.457 ; gain = 889.148 ; free physical = 3630 ; free virtual = 12547
---------------------------------------------------------------------------------
---------------------------------------------------------------------------------
Start Renaming Generated Ports
---------------------------------------------------------------------------------
---------------------------------------------------------------------------------
Finished Renaming Generated Ports : Time (s): cpu = 00:00:39 ; elapsed = 00:00:45 . Memory (MB): peak = 2618.457 ; gain = 889.148 ; free physical = 3630 ; free virtual = 12547
---------------------------------------------------------------------------------
---------------------------------------------------------------------------------
Start Handling Custom Attributes
---------------------------------------------------------------------------------
---------------------------------------------------------------------------------
Finished Handling Custom Attributes : Time (s): cpu = 00:00:39 ; elapsed = 00:00:45 . Memory (MB): peak = 2618.457 ; gain = 889.148 ; free physical = 3630 ; free virtual = 12548
---------------------------------------------------------------------------------
---------------------------------------------------------------------------------
Start Renaming Generated Nets
---------------------------------------------------------------------------------
---------------------------------------------------------------------------------
Finished Renaming Generated Nets : Time (s): cpu = 00:00:39 ; elapsed = 00:00:45 . Memory (MB): peak = 2618.457 ; gain = 889.148 ; free physical = 3630 ; free virtual = 12548
---------------------------------------------------------------------------------
---------------------------------------------------------------------------------
Start Writing Synthesis Report
---------------------------------------------------------------------------------

Report BlackBoxes: 
+-+--------------+----------+
| |BlackBox name |Instances |
+-+--------------+----------+
+-+--------------+----------+

Report Cell Usage: 
+------+-------+------+
|      |Cell   |Count |
+------+-------+------+
|1     |CARRY4 |    20|
|2     |LUT1   |     1|
|3     |LUT2   |    91|
|4     |LUT3   |    16|
|5     |LUT4   |    49|
|6     |LUT5   |    42|
|7     |LUT6   |   178|
|8     |MUXF7  |     2|
+------+-------+------+
---------------------------------------------------------------------------------
Finished Writing Synthesis Report : Time (s): cpu = 00:00:39 ; elapsed = 00:00:45 . Memory (MB): peak = 2618.457 ; gain = 889.148 ; free physical = 3629 ; free virtual = 12548
---------------------------------------------------------------------------------
Synthesis finished with 0 errors, 0 critical warnings and 1 warnings.
Synthesis Optimization Runtime : Time (s): cpu = 00:00:37 ; elapsed = 00:00:42 . Memory (MB): peak = 2618.457 ; gain = 796.375 ; free physical = 3588 ; free virtual = 12535
Synthesis Optimization Complete : Time (s): cpu = 00:00:39 ; elapsed = 00:00:45 . Memory (MB): peak = 2618.465 ; gain = 889.148 ; free physical = 3586 ; free virtual = 12533
INFO: [Project 1-571] Translating synthesized netlist
Netlist sorting complete. Time (s): cpu = 00:00:00.01 ; elapsed = 00:00:00 . Memory (MB): peak = 2618.465 ; gain = 0.000 ; free physical = 3573 ; free virtual = 12538
INFO: [Netlist 29-17] Analyzing 22 Unisim elements for replacement
INFO: [Netlist 29-28] Unisim Transformation completed in 0 CPU seconds
INFO: [Project 1-570] Preparing netlist for logic optimization
INFO: [Opt 31-138] Pushed 0 inverter(s) to 0 load pin(s).
Netlist sorting complete. Time (s): cpu = 00:00:00 ; elapsed = 00:00:00 . Memory (MB): peak = 2674.484 ; gain = 0.000 ; free physical = 3384 ; free virtual = 12485
INFO: [Project 1-111] Unisim Transformation Summary:
No Unisim elements were transformed.

Synth Design complete | Checksum: d9e3ea9
INFO: [Common 17-83] Releasing license: Synthesis
23 Infos, 1 Warnings, 0 Critical Warnings and 0 Errors encountered.
synth_design completed successfully
synth_design: Time (s): cpu = 00:00:57 ; elapsed = 00:00:59 . Memory (MB): peak = 2674.520 ; gain = 1034.953 ; free physical = 3323 ; free virtual = 12478
INFO: [Common 17-2834] synth_design peak Physical Memory [PSS] (MB): overall = 1141.415; main = 1141.415; forked = 185.748
INFO: [Common 17-2834] synth_design peak Virtual Memory [VSS] (MB): overall = 3405.043; main = 2674.488; forked = 959.395
Write ShapeDB Complete: Time (s): cpu = 00:00:00.01 ; elapsed = 00:00:00 . Memory (MB): peak = 2698.496 ; gain = 0.000 ; free physical = 3321 ; free virtual = 12478
INFO: [Common 17-1381] The checkpoint '/home/govind/RISCV_5/RISCV_5.runs/dopmidsem_EX_ALU_1_0_synth_1/dopmidsem_EX_ALU_1_0.dcp' has been generated.
INFO: [Vivado 12-24828] Executing command : report_utilization -file dopmidsem_EX_ALU_1_0_utilization_synth.rpt -pb dopmidsem_EX_ALU_1_0_utilization_synth.pb
INFO: [Common 17-206] Exiting Vivado at Fri Oct 24 16:09:20 2025...
